<?xml version="1.0" encoding="UTF-8"?>
<testng-results ignored="0" total="1" passed="1" failed="0" skipped="0">
  <reporter-output>
  </reporter-output>
  <suite started-at="2024-02-14T14:04:12 IST" name="Default suite" finished-at="2024-02-14T14:04:30 IST" duration-ms="18501">
    <groups>
    </groups>
    <test started-at="2024-02-14T14:04:12 IST" name="Default test" finished-at="2024-02-14T14:04:30 IST" duration-ms="18501">
      <class name="ui.TestNGDemo">
        <test-method signature="verifyTestTitle()[pri:0, instance:ui.TestNGDemo@54c5a2ff]" started-at="2024-02-14T14:04:12 IST" name="verifyTestTitle" finished-at="2024-02-14T14:04:30 IST" duration-ms="18414" status="PASS">
          <reporter-output>
          </reporter-output>
        </test-method> <!-- verifyTestTitle -->
      </class> <!-- ui.TestNGDemo -->
    </test> <!-- Default test -->
  </suite> <!-- Default suite -->
</testng-results>
